<?xml version="1.0" encoding="UTF-8"?>
<testsuite name="ru.netology.WallServiceTest" tests="2" skipped="0" failures="0" errors="0" timestamp="2021-09-26T20:55:51" hostname="HARDSIGN-ПК" time="0.128">
  <properties/>
  <testcase name="updateExisting" classname="ru.netology.WallServiceTest" time="0.121"/>
  <testcase name="addNotZero" classname="ru.netology.WallServiceTest" time="0.001"/>
  <system-out><![CDATA[]]></system-out>
  <system-err><![CDATA[]]></system-err>
</testsuite>
